DEBUG 2024-10-05 23:39:26,499 utils (0.047) 
    SELECT 
        rc.nmonto AS monto_recibo,
        dc.mes,
        dc.valor AS valor_detalle,
        rc.estudiante_id,
        es."nombreEstudiante" AS nombre_estudiante,
        c.grado AS nombre_grado,
        i."nombreInstitucion" AS nombre_institucion,
        cb.nombre AS nombre_concepto,
        cb.codigo
    FROM 
        public.manejador_facturacion_recibocobro rc
    JOIN 
        public.manejador_facturacion_recibocobro_detalles_cobro rcdc ON rc.id = rcdc.recibocobro_id
    JOIN 
        public.manejador_cronogramas_detallecobrocurso dc ON rcdc.detallecobrocurso_id = dc.id
    LEFT JOIN 
        public.manejador_facturacion_recibopago rp ON rc.id = rp.recibo_cobro_id
    JOIN 
        public.manejador_cronogramas_estudiante es ON rc.estudiante_id = es.id
    JOIN 
        public.manejador_cronogramas_curso c ON es."cursoEstudiante_id" = c.id
    JOIN 
        public.manejador_cronogramas_institucion i ON c.institucion_id = i.id
    JOIN 
        public.manejador_cronogramas_cronogramabase cb ON dc.cronograma_curso_id = cb.id
    WHERE
        i."nombreInstitucion" = 'INVERNESS SCHOOL' AND
        dc.mes = 'Febrero' AND
        rp.id IS NULL;
    ; args=['INVERNESS SCHOOL', 'Febrero']; alias=default
